<?xml version="1.0" encoding="UTF-8"?>
<testsuite name="Tema1.AppTest" tests="60" skipped="0" failures="0" errors="0" timestamp="2025-11-30T09:03:43" hostname="DESKTOP-7C6SJ9P" time="0.22">
  <properties/>
  <testcase name="Cmd 0: Adaugare Producator Solar (Succes)" classname="Tema1.AppTest" time="0.032"/>
  <testcase name="Cmd 0: Adaugare Producator Turbina (Succes)" classname="Tema1.AppTest" time="0.003"/>
  <testcase name="Cmd 0: Adaugare Producator Reactor (Succes)" classname="Tema1.AppTest" time="0.002"/>
  <testcase name="Cmd 0: Eroare ID Duplicat" classname="Tema1.AppTest" time="0.002"/>
  <testcase name="Cmd 0: Eroare Tip Invalid" classname="Tema1.AppTest" time="0.002"/>
  <testcase name="Cmd 0: Eroare Putere Negativa" classname="Tema1.AppTest" time="0.002"/>
  <testcase name="Cmd 0: Eroare Putere Zero" classname="Tema1.AppTest" time="0.002"/>
  <testcase name="Cmd 0: Eroare Format Invalid (Lipsa Putere)" classname="Tema1.AppTest" time="0.002"/>
  <testcase name="Cmd 1: Adaugare Consumator Suport Viata (Succes)" classname="Tema1.AppTest" time="0.002"/>
  <testcase name="Cmd 1: Adaugare Consumator Laborator (Succes)" classname="Tema1.AppTest" time="0.001"/>
  <testcase name="Cmd 1: Adaugare Consumator Iluminat (Succes)" classname="Tema1.AppTest" time="0.001"/>
  <testcase name="Cmd 1: Eroare ID Duplicat (cu Producator)" classname="Tema1.AppTest" time="0.002"/>
  <testcase name="Cmd 1: Eroare Tip Invalid" classname="Tema1.AppTest" time="0.001"/>
  <testcase name="Cmd 1: Eroare Cerere Negativa" classname="Tema1.AppTest" time="0.001"/>
  <testcase name="Cmd 1: Eroare Cerere Zero" classname="Tema1.AppTest" time="0.002"/>
  <testcase name="Cmd 1: Eroare Format Invalid (Lipsa Cerere)" classname="Tema1.AppTest" time="0.006"/>
  <testcase name="Cmd 2: Adaugare Baterie (Succes)" classname="Tema1.AppTest" time="0.005"/>
  <testcase name="Cmd 2: Eroare ID Duplicat" classname="Tema1.AppTest" time="0.001"/>
  <testcase name="Cmd 2: Eroare Capacitate Negativa" classname="Tema1.AppTest" time="0.001"/>
  <testcase name="Cmd 2: Eroare Capacitate Zero" classname="Tema1.AppTest" time="0.001"/>
  <testcase name="Cmd 2: Eroare Format Invalid (Lipsa Capacitate)" classname="Tema1.AppTest" time="0.001"/>
  <testcase name="Cmd 4: Setare Producator Defect (Succes)" classname="Tema1.AppTest" time="0.004"/>
  <testcase name="Cmd 4: Setare Consumator Defect (Succes)" classname="Tema1.AppTest" time="0.001"/>
  <testcase name="Cmd 4: Setare Baterie Defecta (Succes)" classname="Tema1.AppTest" time="0.001"/>
  <testcase name="Cmd 4: Eroare ID Inexistent" classname="Tema1.AppTest" time="0.001"/>
  <testcase name="Cmd 4: Eroare Status Invalid" classname="Tema1.AppTest" time="0.001"/>
  <testcase name="Cmd 4: Reparare Componenta (Succes)" classname="Tema1.AppTest" time="0.002"/>
  <testcase name="Cmd 5: Status Grid Gol" classname="Tema1.AppTest" time="0.004"/>
  <testcase name="Cmd 5: Status Grid Cu Componente" classname="Tema1.AppTest" time="0.007"/>
  <testcase name="Cmd 6: Istoric Gol" classname="Tema1.AppTest" time="0.002"/>
  <testcase name="Cmd 7: Iesire (Mesaj)" classname="Tema1.AppTest" time="0.002"/>
  <testcase name="Comanda Invalida" classname="Tema1.AppTest" time="0.002"/>
  <testcase name="Cmd 3: Scenariu Surplus (Bateriile se incarca)" classname="Tema1.AppTest" time="0.002"/>
  <testcase name="Cmd 3: Scenariu Surplus Mare (Bateriile se umplu, surplusul se pierde)" classname="Tema1.AppTest" time="0.004"/>
  <testcase name="Cmd 3: Scenariu Echilibru (Productie = Cerere)" classname="Tema1.AppTest" time="0.004"/>
  <testcase name="Cmd 3: Scenariu Deficit Mic (Bateriile acopera)" classname="Tema1.AppTest" time="0.002"/>
  <testcase name="Cmd 3: Scenariu Triage P3 (Bateriile se golesc, P3 decuplat)" classname="Tema1.AppTest" time="0.008"/>
  <testcase name="Cmd 3: Scenariu Triage P2+P3 (Bateriile se golesc, P2 si P3 decuplati)" classname="Tema1.AppTest" time="0.002"/>
  <testcase name="Cmd 3: Scenariu BLACKOUT (Productie + Baterii &lt; Cerere P1)" classname="Tema1.AppTest" time="0.003"/>
  <testcase name="Cmd 3: Scenariu Post-Blackout (Comenzile esueaza)" classname="Tema1.AppTest" time="0.004"/>
  <testcase name="Cmd 3: Tick cu Producator Defect" classname="Tema1.AppTest" time="0.002"/>
  <testcase name="Cmd 3: Tick cu Consumator Defect" classname="Tema1.AppTest" time="0.001"/>
  <testcase name="Cmd 3: Tick cu Baterie Defecta (Incarcare)" classname="Tema1.AppTest" time="0.001"/>
  <testcase name="Cmd 3: Tick cu Baterie Defecta (Descarcare)" classname="Tema1.AppTest" time="0.002"/>
  <testcase name="Cmd 3: Tick Triage Multiplu P3 si P2" classname="Tema1.AppTest" time="0.001"/>
  <testcase name="Cmd 3: Tick Factori Soare/Vant (Productie Corecta)" classname="Tema1.AppTest" time="0.001"/>
  <testcase name="Cmd 3: Tick Factori Zero (Doar Reactor)" classname="Tema1.AppTest" time="0.002"/>
  <testcase name="Cmd 3: Triage P3 Partial (Un P3 decuplat e suficient)" classname="Tema1.AppTest" time="0.002"/>
  <testcase name="Cmd 3: Eroare Factori Invalizi (Text)" classname="Tema1.AppTest" time="0.001"/>
  <testcase name="Cmd 3: Eroare Factori Invalizi (Lipsa)" classname="Tema1.AppTest" time="0.001"/>
  <testcase name="Lant: Incarcare Baterii Multiple" classname="Tema1.AppTest" time="0.004"/>
  <testcase name="Lant: Descarcare Baterii Multiple" classname="Tema1.AppTest" time="0.003"/>
  <testcase name="Lant: Reparare Componenta si Revenire Retea" classname="Tema1.AppTest" time="0.003"/>
  <testcase name="Lant: Triage P1 Neafectat" classname="Tema1.AppTest" time="0.001"/>
  <testcase name="Cmd 5: Formatare Status (Defect, Decuplat)" classname="Tema1.AppTest" time="0.001"/>
  <testcase name="Cmd 6: Istoric Evenimente (Contine Tick si Blackout)" classname="Tema1.AppTest" time="0.001"/>
  <testcase name="Cmd 0: Adaugare ID lung (Succes)" classname="Tema1.AppTest" time="0.001"/>
  <testcase name="Cmd 3: Triage P2 Neafectat (P3 e suficient)" classname="Tema1.AppTest" time="0.001"/>
  <testcase name="Cmd 3: Ticks Succesive (Acumulare Baterie)" classname="Tema1.AppTest" time="0.001"/>
  <testcase name="Cmd 3: Ticks Succesive (Descarcare Baterie)" classname="Tema1.AppTest" time="0.002"/>
  <system-out><![CDATA[]]></system-out>
  <system-err><![CDATA[]]></system-err>
</testsuite>
